Total contacts in CSV: 40
[Row 1] SKIP (already sent): bris9850@yahoo.com
[Row 2] Sending to RevBJLyons@aol.com (St. John Missionary Baptist Church) - Hi Barry
  Sent successfully
  Waiting 20s...

[Row 3] Sending to imageofgodbiblechurch@msn.com (Image of God Bible Church) - Hi John
  Sent successfully
  Waiting 20s...

[Row 4] Sending to fellowshipofhope@ihfc.net (Inner-Strength Ministries) - Hi George
  Sent successfully
  Waiting 20s...

[Row 5] Sending to joytemple@sbcglobal.net (Joy Temple Christian Center) - Hi Edward
  Sent successfully
  Waiting 20s...

[Row 6] Sending to kingdom-ajm@yahoo.com (Kingdom Business Youth Ministries) - Hi Anthony
  Sent successfully

--- Batch of 5 complete. Resting 90s... ---

[Row 7] Sending to kwcc2005@aol.com (Kingdom Life Ministries) - Hi George
  Sent successfully
  Waiting 20s...

[Row 8] Sending to A118@AOL.COM (Life Line Temple Ministries) - Hi Gregory
  Sent successfully
  Waiting 20s...

[Row 9] Sending to pmckinney67@hotmail.com (Holy Temple Evangelistic Ministries) - Hi Paul
  Sent successfully
  Waiting 20s...

[Row 10] Sending to pastor@atlantafirstumc.org (Atlanta First United Methodist Church) - Hi Jasmine
  Sent successfully
  Waiting 20s...

[Row 11] Sending to susan.gary.landry@ngumc.net (St. James UMC Atlanta) - Hi Susan
  Sent successfully

--- Batch of 5 complete. Resting 90s... ---

[Row 12] Sending to info@koinonianashville.com (Koinonia Nashville) - Hi Mika
  Sent successfully
  Waiting 20s...

[Row 13] Sending to paul@firstbaptistnashville.com (First Baptist Nashville) - Hi Paul
  Sent successfully
  Waiting 20s...

[Row 14] Sending to faithnazareneac@gmail.com (Ashland City Faith Community) - Hi Shaun
  Sent successfully
  Waiting 20s...

[Row 15] Sending to erinnazarene@gmail.com (Erin Church of the Nazarene) - Hi Daniel
  Sent successfully
  Waiting 20s...

[Row 16] Sending to information@nfcn.org (Nashville First Church) - Hi Grant
  Sent successfully

--- Batch of 5 complete. Resting 90s... ---

[Row 17] Sending to info@trevecca.church (Nashville Trevecca Community) - Hi Shawna
  Sent successfully
  Waiting 20s...

[Row 18] Sending to oldhickorynazarene@gmail.com (Old Hickory Church) - Hi Micah
  Sent successfully
  Waiting 20s...

[Row 19] Sending to pastor@whitehousenaz.org (White House Church) - Hi Dan
  Sent successfully
  Waiting 20s...

[Row 20] Sending to wcnazarene@bellsouth.net (Woodlawn Community Church) - Hi Tyler
  Sent successfully
  Waiting 20s...

[Row 21] Sending to Jerry@harvestcharlotte.com (Harvest Charlotte) - Hi Jerry
  Sent successfully

--- Batch of 5 complete. Resting 90s... ---

[Row 22] Sending to briandavis@plazabaptist.org (Plaza Baptist Church Charlotte) - Hi Brian
  Failed: You have reached your daily email sending quota.
  Waiting 20s...

[Row 23] Sending to info@gracecovenantcharlotte.com (Grace Covenant Charlotte) - Hi Norman
  Failed: You have reached your daily email sending quota.
  Waiting 20s...

[Row 24] Sending to warp@sllcs.org (St. Luke's Winter Springs) - Hi Wally
  Failed: You have reached your daily email sending quota.
  Waiting 20s...

[Row 25] Sending to abarcott@gmail.com (Holy Cross Satellite Orlando) - Hi Adam
  Failed: You have reached your daily email sending quota.
  Waiting 20s...

[Row 26] Sending to [Row 27] Sending to revcountryman@gmail.com (Faith Viera Rockledge) - Hi Troy
  Failed: You have reached your daily email sending quota.
  Waiting 20s...

[[Row 27] Sending to revcountryman@gmail.com (Faith Viera Rockledge) - Hi Troy
  Failed: You have reached your daily email sending quota.
  Waiting 20s...

[Row 28] Sending to tculbertson@sllcs.org (St. Luke's Winter Springs) - Hi Tige
  Failed: You have reached your daily email sending quota.
  Waiting 20s...

[Row 29] Sending to pastor.james@hope-brevard.org (Hope Viera Melbourne) - Hi James
  Failed: You have reached your daily email sending quota.
  Waiting 20s...

[Row 30] Sending to mathfitz@gmail.com (New City Church Ocoee) - Hi Matthew
  Failed: You have reached your daily email sending quota.
  Waiting 20s...

[Row 31] Sending to sop.fellowship01@gma[Row 32] Sending to beawashere@gmail.com (Elmore Church) - Hi Brian
  Failed: You have reached your daily email sending quota.
  Waiting 20s...

[Row 33] Se[Row 32] Sending to beawashere@gmail.com (Elmore Church) - Hi Brian
  Failed: You have reached your daily email sending quota.
  Waiting 20s...

[Row 33] Sending to brenda@clarksvillegrace.org (Clarksville Grace Church) - Hi Rich
  Failed: You have reached your daily email sending quota.
  Waiting 20s...

[Row 34] Sending to dcnaz3@comcast.net (Donelson Church Nashville) - Hi David
  Failed: You have reached your daily email sending quota.
  Waiting 20s...

[Row 35] Sending to bethelnaz455@gmail.com (Bethel Church Nashville) - Hi Joe
  Failed: You have reached your daily email sending quota.
  Waiting 20s...

[Row 36] Sending to nashvillegrace@g[Row 37] SKIP (invalid email): pilgrimrestdallas.org
[Row 38] Sending to Welivetolove@yahoo.com (Love Alive Ministries) - Hi Kermit
  Failed: You have reach[Row 37] SKIP (invalid email): pilgrimrestdallas.org
[Row 38] Sending to Welivetolove@yahoo.com (Love Alive Ministries) - Hi Kermit
  Failed: You have reached your daily email sending quota.
  Waiting 20s...

[Row 39] Sending to ltdministry@aol.com (Love Temple Deliverance) - Hi Dennis
  Failed: You have reached your daily email sending quota.
  Waiting 20s...

[Row 40] Sending to gmboone@aol.com (Kingdom Life Tabernacle) - Hi G.M.
  Failed: You have reached your daily email sending quota.

============================================================
SUMMARY
============================================================
Sent:   20
Failed: 19
Skipped: 1 (already sent)
Total in CSV: 40
Attempted: 39
Completed: 2026-06-05 23:50:19

